<?xml version="1.0" encoding="UTF-8"?>
<coverage generated="1742547145984" clover="3.2.0">
  <project timestamp="1742547145984" name="All files">
    <metrics statements="14" coveredstatements="14" conditionals="19" coveredconditionals="18" methods="1" coveredmethods="1" elements="34" coveredelements="33" complexity="0" loc="14" ncloc="14" packages="1" files="1" classes="1"/>
    <file name="calculateAge.js" path="/Users/yan.ledoux/WebstormProjects/integration/calculateAge.js">
      <metrics statements="14" coveredstatements="14" conditionals="19" coveredconditionals="18" methods="1" coveredmethods="1"/>
      <line num="10" count="11" type="cond" truecount="2" falsecount="0"/>
      <line num="11" count="1" type="stmt"/>
      <line num="15" count="10" type="cond" truecount="4" falsecount="0"/>
      <line num="16" count="3" type="stmt"/>
      <line num="20" count="7" type="cond" truecount="2" falsecount="0"/>
      <line num="21" count="1" type="stmt"/>
      <line num="25" count="6" type="cond" truecount="4" falsecount="0"/>
      <line num="26" count="3" type="stmt"/>
      <line num="30" count="3" type="stmt"/>
      <line num="31" count="3" type="cond" truecount="2" falsecount="0"/>
      <line num="32" count="1" type="stmt"/>
      <line num="36" count="2" type="stmt"/>
      <line num="40" count="2" type="cond" truecount="3" falsecount="0"/>
      <line num="44" count="2" type="cond" truecount="1" falsecount="1"/>
    </file>
  </project>
</coverage>
