<?xml version="1.0" encoding="UTF-8"?>
<coverage generated="1744102242391" clover="3.2.0">
  <project timestamp="1744102242391" name="All files">
    <metrics statements="29" coveredstatements="28" conditionals="24" coveredconditionals="21" methods="6" coveredmethods="6" elements="59" coveredelements="55" complexity="0" loc="29" ncloc="29" packages="2" files="2" classes="2"/>
    <package name="integration">
      <metrics statements="14" coveredstatements="14" conditionals="19" coveredconditionals="18" methods="1" coveredmethods="1"/>
      <file name="calculateAge.js" path="/Users/yan.ledoux/WebstormProjects/integration/calculateAge.js">
        <metrics statements="14" coveredstatements="14" conditionals="19" coveredconditionals="18" methods="1" coveredmethods="1"/>
        <line num="10" count="11" type="cond" truecount="2" falsecount="0"/>
        <line num="11" count="1" type="stmt"/>
        <line num="15" count="10" type="cond" truecount="4" falsecount="0"/>
        <line num="16" count="3" type="stmt"/>
        <line num="20" count="7" type="cond" truecount="2" falsecount="0"/>
        <line num="21" count="1" type="stmt"/>
        <line num="25" count="6" type="cond" truecount="4" falsecount="0"/>
        <line num="26" count="3" type="stmt"/>
        <line num="30" count="3" type="stmt"/>
        <line num="31" count="3" type="cond" truecount="2" falsecount="0"/>
        <line num="32" count="1" type="stmt"/>
        <line num="36" count="2" type="stmt"/>
        <line num="40" count="2" type="cond" truecount="3" falsecount="0"/>
        <line num="44" count="2" type="cond" truecount="1" falsecount="1"/>
      </file>
    </package>
    <package name="integration.src.utils">
      <metrics statements="15" coveredstatements="14" conditionals="5" coveredconditionals="3" methods="5" coveredmethods="5"/>
      <file name="validations.js" path="/Users/yan.ledoux/WebstormProjects/integration/src/utils/validations.js">
        <metrics statements="15" coveredstatements="14" conditionals="5" coveredconditionals="3" methods="5" coveredmethods="5"/>
        <line num="2" count="1" type="stmt"/>
        <line num="3" count="1" type="stmt"/>
        <line num="7" count="1" type="stmt"/>
        <line num="8" count="1" type="stmt"/>
        <line num="12" count="1" type="stmt"/>
        <line num="13" count="1" type="stmt"/>
        <line num="17" count="1" type="stmt"/>
        <line num="18" count="1" type="stmt"/>
        <line num="22" count="1" type="stmt"/>
        <line num="23" count="1" type="stmt"/>
        <line num="24" count="1" type="stmt"/>
        <line num="25" count="1" type="stmt"/>
        <line num="26" count="1" type="cond" truecount="3" falsecount="2"/>
        <line num="27" count="0" type="stmt"/>
        <line num="29" count="1" type="stmt"/>
      </file>
    </package>
  </project>
</coverage>
