{"/Users/yan.ledoux/WebstormProjects/integration/calculateAge.js": {"path":"/Users/yan.ledoux/WebstormProjects/integration/calculateAge.js","statementMap":{"0":{"start":{"line":10,"column":4},"end":{"line":12,"column":5}},"1":{"start":{"line":11,"column":8},"end":{"line":11,"column":43}},"2":{"start":{"line":15,"column":4},"end":{"line":17,"column":5}},"3":{"start":{"line":16,"column":8},"end":{"line":16,"column":61}},"4":{"start":{"line":20,"column":4},"end":{"line":22,"column":5}},"5":{"start":{"line":21,"column":8},"end":{"line":21,"column":47}},"6":{"start":{"line":25,"column":4},"end":{"line":27,"column":5}},"7":{"start":{"line":26,"column":8},"end":{"line":26,"column":46}},"8":{"start":{"line":30,"column":16},"end":{"line":30,"column":26}},"9":{"start":{"line":31,"column":4},"end":{"line":33,"column":5}},"10":{"start":{"line":32,"column":8},"end":{"line":32,"column":62}},"11":{"start":{"line":36,"column":14},"end":{"line":36,"column":55}},"12":{"start":{"line":40,"column":8},"end":{"line":41,"column":85}},"13":{"start":{"line":44,"column":4},"end":{"line":44,"column":44}}},"fnMap":{"0":{"name":"calculateAge","decl":{"start":{"line":8,"column":16},"end":{"line":8,"column":28}},"loc":{"start":{"line":8,"column":32},"end":{"line":45,"column":1}},"line":8}},"branchMap":{"0":{"loc":{"start":{"line":10,"column":4},"end":{"line":12,"column":5}},"type":"if","locations":[{"start":{"line":10,"column":4},"end":{"line":12,"column":5}},{"start":{},"end":{}}],"line":10},"1":{"loc":{"start":{"line":15,"column":4},"end":{"line":17,"column":5}},"type":"if","locations":[{"start":{"line":15,"column":4},"end":{"line":17,"column":5}},{"start":{},"end":{}}],"line":15},"2":{"loc":{"start":{"line":15,"column":8},"end":{"line":15,"column":49}},"type":"binary-expr","locations":[{"start":{"line":15,"column":8},"end":{"line":15,"column":29}},{"start":{"line":15,"column":33},"end":{"line":15,"column":49}}],"line":15},"3":{"loc":{"start":{"line":20,"column":4},"end":{"line":22,"column":5}},"type":"if","locations":[{"start":{"line":20,"column":4},"end":{"line":22,"column":5}},{"start":{},"end":{}}],"line":20},"4":{"loc":{"start":{"line":25,"column":4},"end":{"line":27,"column":5}},"type":"if","locations":[{"start":{"line":25,"column":4},"end":{"line":27,"column":5}},{"start":{},"end":{}}],"line":25},"5":{"loc":{"start":{"line":25,"column":8},"end":{"line":25,"column":62}},"type":"binary-expr","locations":[{"start":{"line":25,"column":8},"end":{"line":25,"column":34}},{"start":{"line":25,"column":38},"end":{"line":25,"column":62}}],"line":25},"6":{"loc":{"start":{"line":31,"column":4},"end":{"line":33,"column":5}},"type":"if","locations":[{"start":{"line":31,"column":4},"end":{"line":33,"column":5}},{"start":{},"end":{}}],"line":31},"7":{"loc":{"start":{"line":40,"column":8},"end":{"line":41,"column":85}},"type":"binary-expr","locations":[{"start":{"line":40,"column":8},"end":{"line":40,"column":43}},{"start":{"line":41,"column":9},"end":{"line":41,"column":46}},{"start":{"line":41,"column":50},"end":{"line":41,"column":84}}],"line":40},"8":{"loc":{"start":{"line":44,"column":11},"end":{"line":44,"column":43}},"type":"cond-expr","locations":[{"start":{"line":44,"column":30},"end":{"line":44,"column":33}},{"start":{"line":44,"column":36},"end":{"line":44,"column":43}}],"line":44}},"s":{"0":11,"1":1,"2":10,"3":3,"4":7,"5":1,"6":6,"7":3,"8":3,"9":3,"10":1,"11":2,"12":2,"13":2},"f":{"0":11},"b":{"0":[1,10],"1":[3,7],"2":[10,8],"3":[1,6],"4":[3,3],"5":[6,4],"6":[1,2],"7":[2,2,2],"8":[2,0]},"_coverageSchema":"1a1c01bbd47fc00a2c39e90264f33305004495a9","hash":"60a0b303e171b88e16ae7b5ba7fbd57bc41e14b1"}
,"/Users/yan.ledoux/WebstormProjects/integration/src/utils/validations.js": {"path":"/Users/yan.ledoux/WebstormProjects/integration/src/utils/validations.js","statementMap":{"0":{"start":{"line":2,"column":16},"end":{"line":2,"column":41}},"1":{"start":{"line":3,"column":4},"end":{"line":3,"column":21}},"2":{"start":{"line":7,"column":28},"end":{"line":7,"column":40}},"3":{"start":{"line":8,"column":4},"end":{"line":8,"column":44}},"4":{"start":{"line":12,"column":22},"end":{"line":12,"column":89}},"5":{"start":{"line":13,"column":4},"end":{"line":13,"column":32}},"6":{"start":{"line":17,"column":23},"end":{"line":17,"column":51}},"7":{"start":{"line":18,"column":4},"end":{"line":18,"column":34}},"8":{"start":{"line":22,"column":18},"end":{"line":22,"column":28}},"9":{"start":{"line":23,"column":22},"end":{"line":23,"column":43}},"10":{"start":{"line":24,"column":14},"end":{"line":24,"column":59}},"11":{"start":{"line":25,"column":28},"end":{"line":25,"column":67}},"12":{"start":{"line":26,"column":4},"end":{"line":28,"column":5}},"13":{"start":{"line":27,"column":8},"end":{"line":27,"column":14}},"14":{"start":{"line":29,"column":4},"end":{"line":29,"column":15}}},"fnMap":{"0":{"name":"validateAge","decl":{"start":{"line":1,"column":16},"end":{"line":1,"column":27}},"loc":{"start":{"line":1,"column":41},"end":{"line":4,"column":1}},"line":1},"1":{"name":"validatePostalCode","decl":{"start":{"line":6,"column":16},"end":{"line":6,"column":34}},"loc":{"start":{"line":6,"column":47},"end":{"line":9,"column":1}},"line":6},"2":{"name":"validateName","decl":{"start":{"line":11,"column":16},"end":{"line":11,"column":28}},"loc":{"start":{"line":11,"column":35},"end":{"line":14,"column":1}},"line":11},"3":{"name":"validateEmail","decl":{"start":{"line":16,"column":16},"end":{"line":16,"column":29}},"loc":{"start":{"line":16,"column":37},"end":{"line":19,"column":1}},"line":16},"4":{"name":"calculateAge","decl":{"start":{"line":21,"column":9},"end":{"line":21,"column":21}},"loc":{"start":{"line":21,"column":35},"end":{"line":30,"column":1}},"line":21}},"branchMap":{"0":{"loc":{"start":{"line":26,"column":4},"end":{"line":28,"column":5}},"type":"if","locations":[{"start":{"line":26,"column":4},"end":{"line":28,"column":5}},{"start":{},"end":{}}],"line":26},"1":{"loc":{"start":{"line":26,"column":8},"end":{"line":26,"column":95}},"type":"binary-expr","locations":[{"start":{"line":26,"column":8},"end":{"line":26,"column":27}},{"start":{"line":26,"column":32},"end":{"line":26,"column":53}},{"start":{"line":26,"column":57},"end":{"line":26,"column":94}}],"line":26}},"s":{"0":1,"1":1,"2":1,"3":1,"4":1,"5":1,"6":1,"7":1,"8":1,"9":1,"10":1,"11":1,"12":1,"13":0,"14":1},"f":{"0":1,"1":1,"2":1,"3":1,"4":1},"b":{"0":[0,1],"1":[1,1,0]},"_coverageSchema":"1a1c01bbd47fc00a2c39e90264f33305004495a9","hash":"31b7b82ac366839cd06cd62b0d64196a863ef829"}
}
