TN:
SF:calculateAge.js
FN:8,calculateAge
FNF:1
FNH:1
FNDA:11,calculateAge
DA:10,11
DA:11,1
DA:15,10
DA:16,3
DA:20,7
DA:21,1
DA:25,6
DA:26,3
DA:30,3
DA:31,3
DA:32,1
DA:36,2
DA:40,2
DA:44,2
LF:14
LH:14
BRDA:10,0,0,1
BRDA:10,0,1,10
BRDA:15,1,0,3
BRDA:15,1,1,7
BRDA:15,2,0,10
BRDA:15,2,1,8
BRDA:20,3,0,1
BRDA:20,3,1,6
BRDA:25,4,0,3
BRDA:25,4,1,3
BRDA:25,5,0,6
BRDA:25,5,1,4
BRDA:31,6,0,1
BRDA:31,6,1,2
BRDA:40,7,0,2
BRDA:40,7,1,2
BRDA:40,7,2,2
BRDA:44,8,0,2
BRDA:44,8,1,0
BRF:19
BRH:18
end_of_record
TN:
SF:src/utils/validations.js
FN:1,validateAge
FN:6,validatePostalCode
FN:11,validateName
FN:16,validateEmail
FN:21,calculateAge
FNF:5
FNH:5
FNDA:1,validateAge
FNDA:1,validatePostalCode
FNDA:1,validateName
FNDA:1,validateEmail
FNDA:1,calculateAge
DA:2,1
DA:3,1
DA:7,1
DA:8,1
DA:12,1
DA:13,1
DA:17,1
DA:18,1
DA:22,1
DA:23,1
DA:24,1
DA:25,1
DA:26,1
DA:27,0
DA:29,1
LF:15
LH:14
BRDA:26,0,0,0
BRDA:26,0,1,1
BRDA:26,1,0,1
BRDA:26,1,1,1
BRDA:26,1,2,0
BRF:5
BRH:3
end_of_record
